<?xml version="1.0" encoding="UTF-8"?>
<!-- Generated by org.testng.reporters.JUnitReportReporter -->
<testsuite hostname="pop-os" failures="0" tests="1" name="com.demowebshop.tests.ComputersAndDesktopTest" time="6.079" errors="0" timestamp="2024-12-10T12:40:42 SAST" skipped="0">
  <testcase classname="com.demowebshop.tests.ComputersAndDesktopTest" name="testNavigateToDesktops" time="6.079"/>
  <system-out/>
</testsuite> <!-- com.demowebshop.tests.ComputersAndDesktopTest -->
