<?xml version="1.0" encoding="UTF-8"?>
<!-- Generated by org.testng.reporters.JUnitReportReporter -->
<testsuite hostname="pop-os" failures="0" tests="1" name="com.demowebshop.tests.RegisterUserTest" time="7.687" errors="0" timestamp="2024-12-10T12:40:42 SAST" skipped="0">
  <testcase classname="com.demowebshop.tests.RegisterUserTest" name="testUserRegistration" time="7.687"/>
  <system-out/>
</testsuite> <!-- com.demowebshop.tests.RegisterUserTest -->
